{"uuid":"35156178-ee4c-4753-b19d-bde62941c976","name":"Default Suite","children":["23faacec-edb7-4247-adc6-a6a8dad149e5"],"befores":[{"name":"StartDriver","status":"passed","stage":"finished","description":"","steps":[{"name":"Action [1]: Attempting to run locally on: [Windows-64], [GoogleChrome].","status":"passed","stage":"finished","steps":[],"attachments":[],"parameters":[{"name":"actionCounter","value":"1"},{"name":"logText","value":"Attempting to run locally on: [Windows-64], [GoogleChrome]."}],"start":1610630154160,"stop":1610630154170},{"name":"Action [2]: Identifying OS/Browser combination and selecting the correct driver version automatically. Please note that if a new driver executable will be downloaded it may take some time...","status":"passed","stage":"finished","steps":[],"attachments":[],"parameters":[{"name":"actionCounter","value":"2"},{"name":"logText","value":"Identifying OS/Browser combination and selecting the correct driver version automatically. Please note that if a new driver executable will be downloaded it may take some time..."}],"start":1610630154170,"stop":1610630154170},{"name":"Action [3]: Successfully Opened Google Chrome.","status":"passed","stage":"finished","steps":[],"attachments":[],"parameters":[{"name":"actionCounter","value":"3"},{"name":"logText","value":"Successfully Opened Google Chrome."}],"start":1610630181529,"stop":1610630181530},{"name":"Action [4]: Browser Action [navigateToURL] successfully performed. With the following test data [https://suppliers.z2data.com/].","status":"passed","stage":"finished","steps":[],"attachments":[],"parameters":[{"name":"actionCounter","value":"4"},{"name":"logText","value":"Browser Action [navigateToURL] successfully performed. With the following test data [https://suppliers.z2data.com/]."},{"name":"attachments","value":"[null]"}],"start":1610630199915,"stop":1610630199915},{"name":"Action [5]: Element Action [type] successfully performed. With the following test data [m.sultan@z2data.com].","status":"passed","stage":"finished","steps":[],"attachments":[],"parameters":[{"name":"actionCounter","value":"5"},{"name":"logText","value":"Element Action [type] successfully performed. With the following test data [m.sultan@z2data.com]."}],"start":1610630204631,"stop":1610630204631},{"name":"Action [6]: Element Action [type] successfully performed. With the following test data [M.sultan@z2data.com].","status":"passed","stage":"finished","steps":[],"attachments":[],"parameters":[{"name":"actionCounter","value":"6"},{"name":"logText","value":"Element Action [type] successfully performed. With the following test data [M.sultan@z2data.com]."}],"start":1610630205234,"stop":1610630205234},{"name":"Action [7]: Element Action [click] successfully performed. With the following test data [Sign in].","status":"passed","stage":"finished","steps":[],"attachments":[],"parameters":[{"name":"actionCounter","value":"7"},{"name":"logText","value":"Element Action [click] successfully performed. With the following test data [Sign in]."}],"start":1610630210611,"stop":1610630210611}],"attachments":[],"parameters":[],"start":1610630152752,"stop":1610630210611}],"afters":[{"name":"TearDown","status":"failed","statusDetails":{"known":false,"muted":false,"flaky":false,"message":"Browser Action [closeCurrentWindow] failed.","trace":"java.lang.AssertionError: Browser Action [closeCurrentWindow] failed.\r\n\tat org.testng.Assert.fail(Assert.java:87)\r\n\tat com.shaft.gui.browser.BrowserActions.failAction(BrowserActions.java:467)\r\n\tat com.shaft.gui.browser.BrowserActions.failAction(BrowserActions.java:455)\r\n\tat com.shaft.gui.browser.BrowserActions.closeCurrentWindow(BrowserActions.java:318)\r\n\tat com.SI.Supplier_Insights.Login_Page.Tear_Down(Login_Page.java:22)\r\n\tat com.SI.Supplier_Insights.SI_Test_Base.TearDown(SI_Test_Base.java:88)\r\n\tat java.base/jdk.internal.reflect.NativeMethodAccessorImpl.invoke0(Native Method)\r\n\tat java.base/jdk.internal.reflect.NativeMethodAccessorImpl.invoke(NativeMethodAccessorImpl.java:62)\r\n\tat java.base/jdk.internal.reflect.DelegatingMethodAccessorImpl.invoke(DelegatingMethodAccessorImpl.java:43)\r\n\tat java.base/java.lang.reflect.Method.invoke(Method.java:564)\r\n\tat org.testng.internal.MethodInvocationHelper.invokeMethod(MethodInvocationHelper.java:132)\r\n\tat org.testng.internal.MethodInvocationHelper.invokeMethodConsideringTimeout(MethodInvocationHelper.java:61)\r\n\tat org.testng.internal.ConfigInvoker.invokeConfigurationMethod(ConfigInvoker.java:366)\r\n\tat org.testng.internal.ConfigInvoker.invokeConfigurations(ConfigInvoker.java:320)\r\n\tat org.testng.SuiteRunner.privateRun(SuiteRunner.java:351)\r\n\tat org.testng.SuiteRunner.run(SuiteRunner.java:286)\r\n\tat org.testng.SuiteRunnerWorker.runSuite(SuiteRunnerWorker.java:53)\r\n\tat org.testng.SuiteRunnerWorker.run(SuiteRunnerWorker.java:96)\r\n\tat org.testng.TestNG.runSuitesSequentially(TestNG.java:1218)\r\n\tat org.testng.TestNG.runSuitesLocally(TestNG.java:1140)\r\n\tat org.testng.TestNG.runSuites(TestNG.java:1069)\r\n\tat org.testng.TestNG.run(TestNG.java:1037)\r\n\tat com.intellij.rt.testng.IDEARemoteTestNG.run(IDEARemoteTestNG.java:66)\r\n\tat com.intellij.rt.testng.RemoteTestNGStarter.main(RemoteTestNGStarter.java:109)\r\nCaused by: org.openqa.selenium.NoSuchWindowException: no such window: target window already closed\nfrom unknown error: web view not found\n  (Session info: chrome=87.0.4280.141)\n  (Driver info: chromedriver=87.0.4280.88 (89e2380a3e36c3464b5dd1302349b1382549290d-refs/branch-heads/4280@{#1761}),platform=Windows NT 10.0.19041 x86_64) (WARNING: The server did not provide any stacktrace information)\nCommand duration or timeout: 0 milliseconds\nBuild info: version: '3.141.59', revision: 'e82be7d358', time: '2018-11-14T08:17:03'\nSystem info: host: 'AHMEDALZAYAT-LP', ip: '10.253.6.81', os.name: 'Windows 10', os.arch: 'amd64', os.version: '10.0', java.version: '14.0.2'\nDriver info: org.openqa.selenium.chrome.ChromeDriver\nCapabilities {acceptInsecureCerts: false, acceptSslCerts: false, applicationCacheEnabled: false, browserConnectionEnabled: false, browserName: chrome, chrome: {chromedriverVersion: 87.0.4280.88 (89e2380a3e36c..., userDataDir: C:\\Users\\AF201~1.ALZ\\AppDat...}, cssSelectorsEnabled: true, databaseEnabled: false, goog:chromeOptions: {debuggerAddress: localhost:51645}, handlesAlerts: true, hasTouchScreen: false, javascriptEnabled: true, locationContextEnabled: true, mobileEmulationEnabled: false, nativeEvents: true, networkConnectionEnabled: false, pageLoadStrategy: normal, platform: WINDOWS, platformName: WINDOWS, proxy: Proxy(), rotatable: false, setWindowRect: true, strictFileInteractability: false, takesHeapSnapshot: true, takesScreenshot: true, timeouts: {implicit: 0, pageLoad: 300000, script: 30000}, unexpectedAlertBehaviour: ignore, unhandledPromptBehavior: ignore, version: 87.0.4280.141, webStorageEnabled: true, webauthn:virtualAuthenticators: true}\nSession ID: e781eba81cc9d147b33760bdfb1f6628\r\n\tat java.base/jdk.internal.reflect.NativeConstructorAccessorImpl.newInstance0(Native Method)\r\n\tat java.base/jdk.internal.reflect.NativeConstructorAccessorImpl.newInstance(NativeConstructorAccessorImpl.java:62)\r\n\tat java.base/jdk.internal.reflect.DelegatingConstructorAccessorImpl.newInstance(DelegatingConstructorAccessorImpl.java:45)\r\n\tat java.base/java.lang.reflect.Constructor.newInstanceWithCaller(Constructor.java:500)\r\n\tat java.base/java.lang.reflect.Constructor.newInstance(Constructor.java:481)\r\n\tat org.openqa.selenium.remote.ErrorHandler.createThrowable(ErrorHandler.java:214)\r\n\tat org.openqa.selenium.remote.ErrorHandler.throwIfResponseFailed(ErrorHandler.java:166)\r\n\tat org.openqa.selenium.remote.http.JsonHttpResponseCodec.reconstructValue(JsonHttpResponseCodec.java:40)\r\n\tat org.openqa.selenium.remote.http.AbstractHttpResponseCodec.decode(AbstractHttpResponseCodec.java:80)\r\n\tat org.openqa.selenium.remote.http.AbstractHttpResponseCodec.decode(AbstractHttpResponseCodec.java:44)\r\n\tat org.openqa.selenium.remote.HttpCommandExecutor.execute(HttpCommandExecutor.java:158)\r\n\tat org.openqa.selenium.remote.service.DriverCommandExecutor.execute(DriverCommandExecutor.java:83)\r\n\tat org.openqa.selenium.remote.RemoteWebDriver.execute(RemoteWebDriver.java:552)\r\n\tat org.openqa.selenium.remote.RemoteWebDriver.execute(RemoteWebDriver.java:609)\r\n\tat org.openqa.selenium.remote.RemoteWebDriver.getPageSource(RemoteWebDriver.java:438)\r\n\tat com.shaft.gui.browser.BrowserActions.closeCurrentWindow(BrowserActions.java:310)\r\n\t... 20 more\r\n"},"stage":"finished","description":"","steps":[{"name":"Action [17]: An Exception Occured with this Message: no such window: target window already closed.","status":"passed","stage":"finished","steps":[],"attachments":[{"name":"Attachment: Exception Stack Trace - org.openqa.selenium.NoSuchWindowException","source":"2fc83b0a-cb3b-47ec-8d2c-3310da0808c3-attachment"}],"parameters":[{"name":"actionCounter","value":"17"},{"name":"logText","value":"An Exception Occured with this Message: no such window: target window already closed."},{"name":"attachments","value":"[[Exception Stack Trace, org.openqa.selenium.NoSuchWindowException, org.openqa.selenium.NoSuchWindowException:\r\nno such window: target window already closed\nfrom unknown error: web view not found\n  (Session info: chrome=87.0.4280.141)\n  (Driver info: chromedriver=87.0.4280.88 (89e2380a3e36c3464b5dd1302349b1382549290d-refs/branch-heads/4280@{#1761}),platform=Windows NT 10.0.19041 x86_64) (WARNING: The server did not provide any stacktrace information)\nCommand duration or timeout: 0 milliseconds\nBuild info: version: '3.141.59', revision: 'e82be7d358', time: '2018-11-14T08:17:03'\nSystem info: host: 'AHMEDALZAYAT-LP', ip: '10.253.6.81', os.name: 'Windows 10', os.arch: 'amd64', os.version: '10.0', java.version: '14.0.2'\nDriver info: org.openqa.selenium.chrome.ChromeDriver\nCapabilities {acceptInsecureCerts: false, acceptSslCerts: false, applicationCacheEnabled: false, browserConnectionEnabled: false, browserName: chrome, chrome: {chromedriverVersion: 87.0.4280.88 (89e2380a3e36c..., userDataDir: C:\\Users\\AF201~1.ALZ\\AppDat...}, cssSelectorsEnabled: true, databaseEnabled: false, goog:chromeOptions: {debuggerAddress: localhost:51645}, handlesAlerts: true, hasTouchScreen: false, javascriptEnabled: true, locationContextEnabled: true, mobileEmulationEnabled: false, nativeEvents: true, networkConnectionEnabled: false, pageLoadStrategy: normal, platform: WINDOWS, platformName: WINDOWS, proxy: Proxy(), rotatable: false, setWindowRect: true, strictFileInteractability: false, takesHeapSnapshot: true, takesScreenshot: true, timeouts: {implicit: 0, pageLoad: 300000, script: 30000}, unexpectedAlertBehaviour: ignore, unhandledPromptBehavior: ignore, version: 87.0.4280.141, webStorageEnabled: true, webauthn:virtualAuthenticators: true}\nSession ID: e781eba81cc9d147b33760bdfb1f6628\r\njava.base/jdk.internal.reflect.NativeConstructorAccessorImpl.newInstance0(Native Method)\r\njava.base/jdk.internal.reflect.NativeConstructorAccessorImpl.newInstance(NativeConstructorAccessorImpl.java:62)\r\njava.base/jdk.internal.reflect.DelegatingConstructorAccessorImpl.newInstance(DelegatingConstructorAccessorImpl.java:45)\r\njava.base/java.lang.reflect.Constructor.newInstanceWithCaller(Constructor.java:500)\r\njava.base/java.lang.reflect.Constructor.newInstance(Constructor.java:481)\r\norg.openqa.selenium.remote.ErrorHandler.createThrowable(ErrorHandler.java:214)\r\norg.openqa.selenium.remote.ErrorHandler.throwIfResponseFailed(ErrorHandler.java:166)\r\norg.openqa.selenium.remote.http.JsonHttpResponseCodec.reconstructValue(JsonHttpResponseCodec.java:40)\r\norg.openqa.selenium.remote.http.AbstractHttpResponseCodec.decode(AbstractHttpResponseCodec.java:80)\r\norg.openqa.selenium.remote.http.AbstractHttpResponseCodec.decode(AbstractHttpResponseCodec.java:44)\r\norg.openqa.selenium.remote.HttpCommandExecutor.execute(HttpCommandExecutor.java:158)\r\norg.openqa.selenium.remote.service.DriverCommandExecutor.execute(DriverCommandExecutor.java:83)\r\norg.openqa.selenium.remote.RemoteWebDriver.execute(RemoteWebDriver.java:552)\r\norg.openqa.selenium.remote.RemoteWebDriver.executeScript(RemoteWebDriver.java:489)\r\ncom.shaft.gui.element.JavaScriptWaitManager.waitForJQueryLoadIfDefined(JavaScriptWaitManager.java:59)\r\ncom.shaft.gui.element.JavaScriptWaitManager.waitForLazyLoading(JavaScriptWaitManager.java:41)\r\ncom.shaft.gui.browser.BrowserActions.closeCurrentWindow(BrowserActions.java:307)\r\ncom.SI.Supplier_Insights.Login_Page.Tear_Down(Login_Page.java:22)\r\ncom.SI.Supplier_Insights.SI_Test_Base.TearDown(SI_Test_Base.java:88)\r\njava.base/jdk.internal.reflect.NativeMethodAccessorImpl.invoke0(Native Method)\r\njava.base/jdk.internal.reflect.NativeMethodAccessorImpl.invoke(NativeMethodAccessorImpl.java:62)\r\njava.base/jdk.internal.reflect.DelegatingMethodAccessorImpl.invoke(DelegatingMethodAccessorImpl.java:43)\r\njava.base/java.lang.reflect.Method.invoke(Method.java:564)\r\norg.testng.internal.MethodInvocationHelper.invokeMethod(MethodInvocationHelper.java:132)\r\norg.testng.internal.MethodInvocationHelper.invokeMethodConsideringTimeout(MethodInvocationHelper.java:61)\r\norg.testng.internal.ConfigInvoker.invokeConfigurationMethod(ConfigInvoker.java:366)\r\norg.testng.internal.ConfigInvoker.invokeConfigurations(ConfigInvoker.java:320)\r\norg.testng.SuiteRunner.privateRun(SuiteRunner.java:351)\r\norg.testng.SuiteRunner.run(SuiteRunner.java:286)\r\norg.testng.SuiteRunnerWorker.runSuite(SuiteRunnerWorker.java:53)\r\norg.testng.SuiteRunnerWorker.run(SuiteRunnerWorker.java:96)\r\norg.testng.TestNG.runSuitesSequentially(TestNG.java:1218)\r\norg.testng.TestNG.runSuitesLocally(TestNG.java:1140)\r\norg.testng.TestNG.runSuites(TestNG.java:1069)\r\norg.testng.TestNG.run(TestNG.java:1037)\r\ncom.intellij.rt.testng.IDEARemoteTestNG.run(IDEARemoteTestNG.java:66)\r\ncom.intellij.rt.testng.RemoteTestNGStarter.main(RemoteTestNGStarter.java:109)\r\n]]"}],"start":1610630252062,"stop":1610630252078},{"name":"Action [19]: Browser Action [closeCurrentWindow] failed.","status":"passed","stage":"finished","steps":[],"attachments":[],"parameters":[{"name":"actionCounter","value":"19"},{"name":"logText","value":"Browser Action [closeCurrentWindow] failed."}],"start":1610630252086,"stop":1610630252086}],"attachments":[],"parameters":[],"start":1610630252030,"stop":1610630252086}],"links":[],"start":1610630152702,"stop":1610630252113}