{"uuid":"4bcd2edd-a6fb-444b-81a3-f964255635fa","name":"Default Suite","children":["18d146d4-1a66-44e8-903d-3208ee0d558b"],"befores":[{"name":"StartDriver","status":"failed","statusDetails":{"known":false,"muted":false,"flaky":false,"message":"Browser Action [navigateToNewURL] failed. With the following test data [https://suppliers.z2data.com/].","trace":"java.lang.AssertionError: Browser Action [navigateToNewURL] failed. With the following test data [https://suppliers.z2data.com/].\r\n\tat org.testng.Assert.fail(Assert.java:87)\r\n\tat com.shaft.gui.browser.BrowserActions.failAction(BrowserActions.java:467)\r\n\tat com.shaft.gui.browser.BrowserActions.failAction(BrowserActions.java:460)\r\n\tat com.shaft.gui.browser.BrowserActions.navigateToNewURL(BrowserActions.java:519)\r\n\tat com.shaft.gui.browser.BrowserActions.navigateToURL(BrowserActions.java:205)\r\n\tat com.shaft.gui.browser.BrowserActions.navigateToURL(BrowserActions.java:154)\r\n\tat com.SI.Supplier_Insights.SI_Test_Base.StartDriver(SI_Test_Base.java:31)\r\n\tat java.base/jdk.internal.reflect.NativeMethodAccessorImpl.invoke0(Native Method)\r\n\tat java.base/jdk.internal.reflect.NativeMethodAccessorImpl.invoke(NativeMethodAccessorImpl.java:62)\r\n\tat java.base/jdk.internal.reflect.DelegatingMethodAccessorImpl.invoke(DelegatingMethodAccessorImpl.java:43)\r\n\tat java.base/java.lang.reflect.Method.invoke(Method.java:564)\r\n\tat org.testng.internal.MethodInvocationHelper.invokeMethod(MethodInvocationHelper.java:132)\r\n\tat org.testng.internal.MethodInvocationHelper.invokeMethodConsideringTimeout(MethodInvocationHelper.java:61)\r\n\tat org.testng.internal.ConfigInvoker.invokeConfigurationMethod(ConfigInvoker.java:366)\r\n\tat org.testng.internal.ConfigInvoker.invokeConfigurations(ConfigInvoker.java:320)\r\n\tat org.testng.SuiteRunner.privateRun(SuiteRunner.java:327)\r\n\tat org.testng.SuiteRunner.run(SuiteRunner.java:286)\r\n\tat org.testng.SuiteRunnerWorker.runSuite(SuiteRunnerWorker.java:53)\r\n\tat org.testng.SuiteRunnerWorker.run(SuiteRunnerWorker.java:96)\r\n\tat org.testng.TestNG.runSuitesSequentially(TestNG.java:1218)\r\n\tat org.testng.TestNG.runSuitesLocally(TestNG.java:1140)\r\n\tat org.testng.TestNG.runSuites(TestNG.java:1069)\r\n\tat org.testng.TestNG.run(TestNG.java:1037)\r\n\tat com.intellij.rt.testng.IDEARemoteTestNG.run(IDEARemoteTestNG.java:66)\r\n\tat com.intellij.rt.testng.RemoteTestNGStarter.main(RemoteTestNGStarter.java:109)\r\nCaused by: org.openqa.selenium.TimeoutException: timeout: Timed out receiving message from renderer: 28.298\n  (Session info: chrome=87.0.4280.141)\n  (Driver info: chromedriver=87.0.4280.88 (89e2380a3e36c3464b5dd1302349b1382549290d-refs/branch-heads/4280@{#1761}),platform=Windows NT 10.0.19041 x86_64) (WARNING: The server did not provide any stacktrace information)\nCommand duration or timeout: 0 milliseconds\nBuild info: version: '3.141.59', revision: 'e82be7d358', time: '2018-11-14T08:17:03'\nSystem info: host: 'AHMEDALZAYAT-LP', ip: '10.253.6.81', os.name: 'Windows 10', os.arch: 'amd64', os.version: '10.0', java.version: '14.0.2'\nDriver info: org.openqa.selenium.chrome.ChromeDriver\nCapabilities {acceptInsecureCerts: false, acceptSslCerts: false, applicationCacheEnabled: false, browserConnectionEnabled: false, browserName: chrome, chrome: {chromedriverVersion: 87.0.4280.88 (89e2380a3e36c..., userDataDir: C:\\Users\\AF201~1.ALZ\\AppDat...}, cssSelectorsEnabled: true, databaseEnabled: false, goog:chromeOptions: {debuggerAddress: localhost:50781}, handlesAlerts: true, hasTouchScreen: false, javascriptEnabled: true, locationContextEnabled: true, mobileEmulationEnabled: false, nativeEvents: true, networkConnectionEnabled: false, pageLoadStrategy: normal, platform: WINDOWS, platformName: WINDOWS, proxy: Proxy(), rotatable: false, setWindowRect: true, strictFileInteractability: false, takesHeapSnapshot: true, takesScreenshot: true, timeouts: {implicit: 0, pageLoad: 300000, script: 30000}, unexpectedAlertBehaviour: ignore, unhandledPromptBehavior: ignore, version: 87.0.4280.141, webStorageEnabled: true, webauthn:virtualAuthenticators: true}\nSession ID: 56ed94d0e3f9398c4ab2a7d105df1e0b\r\n\tat java.base/jdk.internal.reflect.NativeConstructorAccessorImpl.newInstance0(Native Method)\r\n\tat java.base/jdk.internal.reflect.NativeConstructorAccessorImpl.newInstance(NativeConstructorAccessorImpl.java:62)\r\n\tat java.base/jdk.internal.reflect.DelegatingConstructorAccessorImpl.newInstance(DelegatingConstructorAccessorImpl.java:45)\r\n\tat java.base/java.lang.reflect.Constructor.newInstanceWithCaller(Constructor.java:500)\r\n\tat java.base/java.lang.reflect.Constructor.newInstance(Constructor.java:481)\r\n\tat org.openqa.selenium.remote.ErrorHandler.createThrowable(ErrorHandler.java:214)\r\n\tat org.openqa.selenium.remote.ErrorHandler.throwIfResponseFailed(ErrorHandler.java:166)\r\n\tat org.openqa.selenium.remote.http.JsonHttpResponseCodec.reconstructValue(JsonHttpResponseCodec.java:40)\r\n\tat org.openqa.selenium.remote.http.AbstractHttpResponseCodec.decode(AbstractHttpResponseCodec.java:80)\r\n\tat org.openqa.selenium.remote.http.AbstractHttpResponseCodec.decode(AbstractHttpResponseCodec.java:44)\r\n\tat org.openqa.selenium.remote.HttpCommandExecutor.execute(HttpCommandExecutor.java:158)\r\n\tat org.openqa.selenium.remote.service.DriverCommandExecutor.execute(DriverCommandExecutor.java:83)\r\n\tat org.openqa.selenium.remote.RemoteWebDriver.execute(RemoteWebDriver.java:552)\r\n\tat org.openqa.selenium.remote.RemoteWebDriver.get(RemoteWebDriver.java:277)\r\n\tat org.openqa.selenium.remote.RemoteWebDriver$RemoteNavigation.to(RemoteWebDriver.java:857)\r\n\tat com.shaft.gui.browser.BrowserActions.navigateToNewURL(BrowserActions.java:516)\r\n\t... 21 more\r\n"},"stage":"finished","description":"","steps":[{"name":"Action [1]: Attempting to run locally on: [Windows-64], [GoogleChrome].","status":"passed","stage":"finished","steps":[],"attachments":[],"parameters":[{"name":"actionCounter","value":"1"},{"name":"logText","value":"Attempting to run locally on: [Windows-64], [GoogleChrome]."}],"start":1610629443278,"stop":1610629443286},{"name":"Action [2]: Identifying OS/Browser combination and selecting the correct driver version automatically. Please note that if a new driver executable will be downloaded it may take some time...","status":"passed","stage":"finished","steps":[],"attachments":[],"parameters":[{"name":"actionCounter","value":"2"},{"name":"logText","value":"Identifying OS/Browser combination and selecting the correct driver version automatically. Please note that if a new driver executable will be downloaded it may take some time..."}],"start":1610629443286,"stop":1610629443286},{"name":"Action [3]: Successfully Opened Google Chrome.","status":"passed","stage":"finished","steps":[],"attachments":[],"parameters":[{"name":"actionCounter","value":"3"},{"name":"logText","value":"Successfully Opened Google Chrome."}],"start":1610629512942,"stop":1610629512943},{"name":"Action [4]: An Exception Occured with this Message: timeout: Timed out receiving message from renderer: 28.298.","status":"passed","stage":"finished","steps":[],"attachments":[{"name":"Attachment: Exception Stack Trace - org.openqa.selenium.TimeoutException","source":"8be8ed0f-869e-4642-8a94-7bf8becd681d-attachment"}],"parameters":[{"name":"actionCounter","value":"4"},{"name":"logText","value":"An Exception Occured with this Message: timeout: Timed out receiving message from renderer: 28.298."},{"name":"attachments","value":"[[Exception Stack Trace, org.openqa.selenium.TimeoutException, org.openqa.selenium.TimeoutException:\r\ntimeout: Timed out receiving message from renderer: 28.298\n  (Session info: chrome=87.0.4280.141)\n  (Driver info: chromedriver=87.0.4280.88 (89e2380a3e36c3464b5dd1302349b1382549290d-refs/branch-heads/4280@{#1761}),platform=Windows NT 10.0.19041 x86_64) (WARNING: The server did not provide any stacktrace information)\nCommand duration or timeout: 0 milliseconds\nBuild info: version: '3.141.59', revision: 'e82be7d358', time: '2018-11-14T08:17:03'\nSystem info: host: 'AHMEDALZAYAT-LP', ip: '10.253.6.81', os.name: 'Windows 10', os.arch: 'amd64', os.version: '10.0', java.version: '14.0.2'\nDriver info: org.openqa.selenium.chrome.ChromeDriver\nCapabilities {acceptInsecureCerts: false, acceptSslCerts: false, applicationCacheEnabled: false, browserConnectionEnabled: false, browserName: chrome, chrome: {chromedriverVersion: 87.0.4280.88 (89e2380a3e36c..., userDataDir: C:\\Users\\AF201~1.ALZ\\AppDat...}, cssSelectorsEnabled: true, databaseEnabled: false, goog:chromeOptions: {debuggerAddress: localhost:50781}, handlesAlerts: true, hasTouchScreen: false, javascriptEnabled: true, locationContextEnabled: true, mobileEmulationEnabled: false, nativeEvents: true, networkConnectionEnabled: false, pageLoadStrategy: normal, platform: WINDOWS, platformName: WINDOWS, proxy: Proxy(), rotatable: false, setWindowRect: true, strictFileInteractability: false, takesHeapSnapshot: true, takesScreenshot: true, timeouts: {implicit: 0, pageLoad: 300000, script: 30000}, unexpectedAlertBehaviour: ignore, unhandledPromptBehavior: ignore, version: 87.0.4280.141, webStorageEnabled: true, webauthn:virtualAuthenticators: true}\nSession ID: 56ed94d0e3f9398c4ab2a7d105df1e0b\r\njava.base/jdk.internal.reflect.NativeConstructorAccessorImpl.newInstance0(Native Method)\r\njava.base/jdk.internal.reflect.NativeConstructorAccessorImpl.newInstance(NativeConstructorAccessorImpl.java:62)\r\njava.base/jdk.internal.reflect.DelegatingConstructorAccessorImpl.newInstance(DelegatingConstructorAccessorImpl.java:45)\r\njava.base/java.lang.reflect.Constructor.newInstanceWithCaller(Constructor.java:500)\r\njava.base/java.lang.reflect.Constructor.newInstance(Constructor.java:481)\r\norg.openqa.selenium.remote.ErrorHandler.createThrowable(ErrorHandler.java:214)\r\norg.openqa.selenium.remote.ErrorHandler.throwIfResponseFailed(ErrorHandler.java:166)\r\norg.openqa.selenium.remote.http.JsonHttpResponseCodec.reconstructValue(JsonHttpResponseCodec.java:40)\r\norg.openqa.selenium.remote.http.AbstractHttpResponseCodec.decode(AbstractHttpResponseCodec.java:80)\r\norg.openqa.selenium.remote.http.AbstractHttpResponseCodec.decode(AbstractHttpResponseCodec.java:44)\r\norg.openqa.selenium.remote.HttpCommandExecutor.execute(HttpCommandExecutor.java:158)\r\norg.openqa.selenium.remote.service.DriverCommandExecutor.execute(DriverCommandExecutor.java:83)\r\norg.openqa.selenium.remote.RemoteWebDriver.execute(RemoteWebDriver.java:552)\r\norg.openqa.selenium.remote.RemoteWebDriver.get(RemoteWebDriver.java:277)\r\norg.openqa.selenium.remote.RemoteWebDriver$RemoteNavigation.to(RemoteWebDriver.java:857)\r\ncom.shaft.gui.browser.BrowserActions.navigateToNewURL(BrowserActions.java:516)\r\ncom.shaft.gui.browser.BrowserActions.navigateToURL(BrowserActions.java:205)\r\ncom.shaft.gui.browser.BrowserActions.navigateToURL(BrowserActions.java:154)\r\ncom.SI.Supplier_Insights.SI_Test_Base.StartDriver(SI_Test_Base.java:31)\r\njava.base/jdk.internal.reflect.NativeMethodAccessorImpl.invoke0(Native Method)\r\njava.base/jdk.internal.reflect.NativeMethodAccessorImpl.invoke(NativeMethodAccessorImpl.java:62)\r\njava.base/jdk.internal.reflect.DelegatingMethodAccessorImpl.invoke(DelegatingMethodAccessorImpl.java:43)\r\njava.base/java.lang.reflect.Method.invoke(Method.java:564)\r\norg.testng.internal.MethodInvocationHelper.invokeMethod(MethodInvocationHelper.java:132)\r\norg.testng.internal.MethodInvocationHelper.invokeMethodConsideringTimeout(MethodInvocationHelper.java:61)\r\norg.testng.internal.ConfigInvoker.invokeConfigurationMethod(ConfigInvoker.java:366)\r\norg.testng.internal.ConfigInvoker.invokeConfigurations(ConfigInvoker.java:320)\r\norg.testng.SuiteRunner.privateRun(SuiteRunner.java:327)\r\norg.testng.SuiteRunner.run(SuiteRunner.java:286)\r\norg.testng.SuiteRunnerWorker.runSuite(SuiteRunnerWorker.java:53)\r\norg.testng.SuiteRunnerWorker.run(SuiteRunnerWorker.java:96)\r\norg.testng.TestNG.runSuitesSequentially(TestNG.java:1218)\r\norg.testng.TestNG.runSuitesLocally(TestNG.java:1140)\r\norg.testng.TestNG.runSuites(TestNG.java:1069)\r\norg.testng.TestNG.run(TestNG.java:1037)\r\ncom.intellij.rt.testng.IDEARemoteTestNG.run(IDEARemoteTestNG.java:66)\r\ncom.intellij.rt.testng.RemoteTestNGStarter.main(RemoteTestNGStarter.java:109)\r\n]]"}],"start":1610629543768,"stop":1610629543782},{"name":"Action [6]: Browser Action [navigateToNewURL] failed. With the following test data [https://suppliers.z2data.com/].","status":"passed","stage":"finished","steps":[],"attachments":[],"parameters":[{"name":"actionCounter","value":"6"},{"name":"logText","value":"Browser Action [navigateToNewURL] failed. With the following test data [https://suppliers.z2data.com/]."},{"name":"attachments","value":"[null]"}],"start":1610629545245,"stop":1610629545245}],"attachments":[],"parameters":[],"start":1610629441801,"stop":1610629545253}],"afters":[{"name":"TearDown","status":"broken","stage":"finished","description":"","steps":[],"attachments":[],"parameters":[],"start":1610629546369,"stop":1610629546369}],"links":[],"start":1610629441761,"stop":1610629546369}